core.js:33452 Angular is running in the development mode. Call enableProdMode() to enable the production mode.
common.js:290 Native: tried calling StatusBar.styleDefault, but Cordova is not available. Make sure to include cordova.js or run in a device/simulator
cordovaWarn @ common.js:290
checkAvailability @ common.js:146
callCordovaPlugin @ common.js:232
(anonymous) @ common.js:315
cordova @ cordova.js:3
push../node_modules/@ionic-native/status-bar/ngx/index.js.StatusBar.styleDefault @ index.js:28
(anonymous) @ app.component.ts:23
invoke @ zone-evergreen.js:359
onInvoke @ core.js:34201
invoke @ zone-evergreen.js:358
run @ zone-evergreen.js:124
(anonymous) @ zone-evergreen.js:855
invokeTask @ zone-evergreen.js:391
onInvokeTask @ core.js:34182
invokeTask @ zone-evergreen.js:390
runTask @ zone-evergreen.js:168
drainMicroTaskQueue @ zone-evergreen.js:559
Promise.then (async)
scheduleMicroTask @ zone-evergreen.js:542
scheduleTask @ zone-evergreen.js:381
scheduleTask @ zone-evergreen.js:211
scheduleMicroTask @ zone-evergreen.js:231
scheduleResolveOrReject @ zone-evergreen.js:845
then @ zone-evergreen.js:955
bootstrapModule @ core.js:34957
./src/main.ts @ main.ts:11
__webpack_require__ @ bootstrap:84
0 @ main.ts:12
__webpack_require__ @ bootstrap:84
checkDeferredModules @ bootstrap:45
webpackJsonpCallback @ bootstrap:32
(anonymous) @ main.js:1
common.js:290 Native: tried calling SplashScreen.hide, but Cordova is not available. Make sure to include cordova.js or run in a device/simulator
cordovaWarn @ common.js:290
checkAvailability @ common.js:146
callCordovaPlugin @ common.js:232
(anonymous) @ common.js:315
cordova @ cordova.js:3
push../node_modules/@ionic-native/splash-screen/ngx/index.js.SplashScreen.hide @ index.js:28
(anonymous) @ app.component.ts:24
invoke @ zone-evergreen.js:359
onInvoke @ core.js:34201
invoke @ zone-evergreen.js:358
run @ zone-evergreen.js:124
(anonymous) @ zone-evergreen.js:855
invokeTask @ zone-evergreen.js:391
onInvokeTask @ core.js:34182
invokeTask @ zone-evergreen.js:390
runTask @ zone-evergreen.js:168
drainMicroTaskQueue @ zone-evergreen.js:559
Promise.then (async)
scheduleMicroTask @ zone-evergreen.js:542
scheduleTask @ zone-evergreen.js:381
scheduleTask @ zone-evergreen.js:211
scheduleMicroTask @ zone-evergreen.js:231
scheduleResolveOrReject @ zone-evergreen.js:845
then @ zone-evergreen.js:955
bootstrapModule @ core.js:34957
./src/main.ts @ main.ts:11
__webpack_require__ @ bootstrap:84
0 @ main.ts:12
__webpack_require__ @ bootstrap:84
checkDeferredModules @ bootstrap:45
webpackJsonpCallback @ bootstrap:32
(anonymous) @ main.js:1
client:52 [WDS] Live Reloading enabled.
Tab3Page.html:2 ERROR TypeError: Cannot read property 'articles' of undefined
    at Object.eval [as updateDirectives] (Tab3Page.html:3)
    at Object.debugUpdateDirectives [as updateDirectives] (core.js:39364)
    at checkAndUpdateView (core.js:38376)
    at callViewAction (core.js:38742)
    at execComponentViewsAction (core.js:38670)
    at checkAndUpdateView (core.js:38383)
    at callViewAction (core.js:38742)
    at execEmbeddedViewsAction (core.js:38699)
    at checkAndUpdateView (core.js:38377)
    at callViewAction (core.js:38742)
View_Tab3Page_0 @ Tab3Page.html:2
proxyClass @ compiler.js:19436
logError @ core.js:39651
handleError @ core.js:9162
(anonymous) @ core.js:35393
invoke @ zone-evergreen.js:359
run @ zone-evergreen.js:124
runOutsideAngular @ core.js:34127
tick @ core.js:35390
(anonymous) @ core.js:35228
invoke @ zone-evergreen.js:359
onInvoke @ core.js:34201
invoke @ zone-evergreen.js:358
run @ zone-evergreen.js:124
run @ core.js:34066
next @ core.js:35225
schedulerFn @ core.js:31051
__tryOrUnsub @ Subscriber.js:183
next @ Subscriber.js:122
_next @ Subscriber.js:72
next @ Subscriber.js:49
next @ Subject.js:39
emit @ core.js:31013
checkStable @ core.js:34144
onHasTask @ core.js:34221
hasTask @ zone-evergreen.js:411
_updateTaskCount @ zone-evergreen.js:431
_updateTaskCount @ zone-evergreen.js:264
runTask @ zone-evergreen.js:185
drainMicroTaskQueue @ zone-evergreen.js:559
invokeTask @ zone-evergreen.js:469
invokeTask @ zone-evergreen.js:1603
globalZoneAwareCallback @ zone-evergreen.js:1629
emit @ core-57385ee8.js:1907
selectTab @ ion-tab-bar_2-ios.entry.js:79
TabButton.onClick @ ion-tab-bar_2-ios.entry.js:64
Show 6 more frames
Tab3Page.html:2 ERROR CONTEXT DebugContext_ {view: {…}, nodeIndex: 5, nodeDef: {…}, elDef: {…}, elView: {…}}
View_Tab3Page_0 @ Tab3Page.html:2
proxyClass @ compiler.js:19436
logError @ core.js:39651
handleError @ core.js:9167
(anonymous) @ core.js:35393
invoke @ zone-evergreen.js:359
run @ zone-evergreen.js:124
runOutsideAngular @ core.js:34127
tick @ core.js:35390
(anonymous) @ core.js:35228
invoke @ zone-evergreen.js:359
onInvoke @ core.js:34201
invoke @ zone-evergreen.js:358
run @ zone-evergreen.js:124
run @ core.js:34066
next @ core.js:35225
schedulerFn @ core.js:31051
__tryOrUnsub @ Subscriber.js:183
next @ Subscriber.js:122
_next @ Subscriber.js:72
next @ Subscriber.js:49
next @ Subject.js:39
emit @ core.js:31013
checkStable @ core.js:34144
onHasTask @ core.js:34221
hasTask @ zone-evergreen.js:411
_updateTaskCount @ zone-evergreen.js:431
_updateTaskCount @ zone-evergreen.js:264
runTask @ zone-evergreen.js:185
drainMicroTaskQueue @ zone-evergreen.js:559
invokeTask @ zone-evergreen.js:469
invokeTask @ zone-evergreen.js:1603
globalZoneAwareCallback @ zone-evergreen.js:1629
emit @ core-57385ee8.js:1907
selectTab @ ion-tab-bar_2-ios.entry.js:79
TabButton.onClick @ ion-tab-bar_2-ios.entry.js:64
Show 6 more frames
Tab3Page.html:2 ERROR TypeError: Cannot read property 'articles' of undefined
    at Object.eval [as updateDirectives] (Tab3Page.html:3)
    at Object.debugUpdateDirectives [as updateDirectives] (core.js:39364)
    at checkAndUpdateView (core.js:38376)
    at callViewAction (core.js:38742)
    at execComponentViewsAction (core.js:38670)
    at checkAndUpdateView (core.js:38383)
    at callViewAction (core.js:38742)
    at execEmbeddedViewsAction (core.js:38699)
    at checkAndUpdateView (core.js:38377)
    at callViewAction (core.js:38742)
View_Tab3Page_0 @ Tab3Page.html:2
proxyClass @ compiler.js:19436
logError @ core.js:39651
handleError @ core.js:9162
(anonymous) @ core.js:35393
invoke @ zone-evergreen.js:359
run @ zone-evergreen.js:124
runOutsideAngular @ core.js:34127
tick @ core.js:35390
(anonymous) @ core.js:35228
invoke @ zone-evergreen.js:359
onInvoke @ core.js:34201
invoke @ zone-evergreen.js:358
run @ zone-evergreen.js:124
run @ core.js:34066
next @ core.js:35225
schedulerFn @ core.js:31051
__tryOrUnsub @ Subscriber.js:183
next @ Subscriber.js:122
_next @ Subscriber.js:72
next @ Subscriber.js:49
next @ Subject.js:39
emit @ core.js:31013
checkStable @ core.js:34144
onLeave @ core.js:34262
onInvoke @ core.js:34204
invoke @ zone-evergreen.js:358
runGuarded @ zone-evergreen.js:134
api.microtaskDrainDone @ zone-evergreen.js:663
drainMicroTaskQueue @ zone-evergreen.js:566
invokeTask @ zone-evergreen.js:469
invokeTask @ zone-evergreen.js:1603
globalZoneAwareCallback @ zone-evergreen.js:1629
emit @ core-57385ee8.js:1907
selectTab @ ion-tab-bar_2-ios.entry.js:79
TabButton.onClick @ ion-tab-bar_2-ios.entry.js:64
Show 6 more frames
Tab3Page.html:2 ERROR CONTEXT DebugContext_ {view: {…}, nodeIndex: 5, nodeDef: {…}, elDef: {…}, elView: {…}}
View_Tab3Page_0 @ Tab3Page.html:2
proxyClass @ compiler.js:19436
logError @ core.js:39651
handleError @ core.js:9167
(anonymous) @ core.js:35393
invoke @ zone-evergreen.js:359
run @ zone-evergreen.js:124
runOutsideAngular @ core.js:34127
tick @ core.js:35390
(anonymous) @ core.js:35228
invoke @ zone-evergreen.js:359
onInvoke @ core.js:34201
invoke @ zone-evergreen.js:358
run @ zone-evergreen.js:124
run @ core.js:34066
next @ core.js:35225
schedulerFn @ core.js:31051
__tryOrUnsub @ Subscriber.js:183
next @ Subscriber.js:122
_next @ Subscriber.js:72
next @ Subscriber.js:49
next @ Subject.js:39
emit @ core.js:31013
checkStable @ core.js:34144
onLeave @ core.js:34262
onInvoke @ core.js:34204
invoke @ zone-evergreen.js:358
runGuarded @ zone-evergreen.js:134
api.microtaskDrainDone @ zone-evergreen.js:663
drainMicroTaskQueue @ zone-evergreen.js:566
invokeTask @ zone-evergreen.js:469
invokeTask @ zone-evergreen.js:1603
globalZoneAwareCallback @ zone-evergreen.js:1629
emit @ core-57385ee8.js:1907
selectTab @ ion-tab-bar_2-ios.entry.js:79
TabButton.onClick @ ion-tab-bar_2-ios.entry.js:64
Show 6 more frames
core.js:9110 ERROR Error: Uncaught (in promise): TypeError: Cannot read property 'articles' of undefined
TypeError: Cannot read property 'articles' of undefined
    at Object.eval [as updateDirectives] (Tab3Page.html:3)
    at Object.debugUpdateDirectives [as updateDirectives] (core.js:39364)
    at checkAndUpdateView (core.js:38376)
    at callViewAction (core.js:38742)
    at execComponentViewsAction (core.js:38670)
    at checkAndUpdateView (core.js:38383)
    at callWithDebugContext (core.js:39716)
    at Object.debugCheckAndUpdateView [as checkAndUpdateView] (core.js:39299)
    at ViewRef_.detectChanges (core.js:27092)
    at StackController.push../node_modules/@ionic/angular/dist/fesm5.js.StackController.setActive (fesm5.js:3601)
    at resolvePromise (zone-evergreen.js:797)
    at resolvePromise (zone-evergreen.js:754)
    at zone-evergreen.js:858
    at ZoneDelegate.invokeTask (zone-evergreen.js:391)
    at Object.onInvokeTask (core.js:34182)
    at ZoneDelegate.invokeTask (zone-evergreen.js:390)
    at Zone.runTask (zone-evergreen.js:168)
    at drainMicroTaskQueue (zone-evergreen.js:559)
    at ZoneTask.invokeTask [as invoke] (zone-evergreen.js:469)
    at invokeTask (zone-evergreen.js:1603)
defaultErrorLogger @ core.js:9110
handleError @ core.js:9162
next @ core.js:34915
schedulerFn @ core.js:31051
__tryOrUnsub @ Subscriber.js:183
next @ Subscriber.js:122
_next @ Subscriber.js:72
next @ Subscriber.js:49
next @ Subject.js:39
emit @ core.js:31013
(anonymous) @ core.js:34240
invoke @ zone-evergreen.js:359
run @ zone-evergreen.js:124
runOutsideAngular @ core.js:34127
onHandleError @ core.js:34237
handleError @ zone-evergreen.js:363
runGuarded @ zone-evergreen.js:137
api.microtaskDrainDone @ zone-evergreen.js:663
drainMicroTaskQueue @ zone-evergreen.js:566
invokeTask @ zone-evergreen.js:469
invokeTask @ zone-evergreen.js:1603
globalZoneAwareCallback @ zone-evergreen.js:1629
emit @ core-57385ee8.js:1907
selectTab @ ion-tab-bar_2-ios.entry.js:79
TabButton.onClick @ ion-tab-bar_2-ios.entry.js:64
tab3.page.ts:20 {articles: Array(17)}
tab3.page.ts:23 this is data101 {articles: Array(17)}articles: Array(17)0: {title: "Etec Fantasy 2018", description: "Foi, uma festa para a diversão de todos, ela é org…gumas fotos da festa tiradas pela equipe da ETEC."}title: "Etec Fantasy 2018"description: "Foi, uma festa para a diversão de todos, ela é organizada principalmente pelos alunos, que montam um grupo para organiza-la, mas que contou também com uma equipe que montou o som e as luzes. A atração principal foi o Dj Jean que animou a fasta inteira, ela contou com um local para tirar fotos, praça de alimentação e uma local para as pessoas descansarem. Com mais de 500 convidados tirando os alunos, a festa foi um sucesso a ETEC arrasou nessa, adoramos a presença de todos, obrigado por participarem. E aqui abaixo deixamos algumas fotos da festa tiradas pela equipe da ETEC."__proto__: Object1: {title: "Connecting Classroom", description: "O Connecting Classroom não é nada menos que um pro…uração deste projeto é de aproximadamente, 1 ano."}2: {title: "ETEC DE IBITINGA  &  DONGTAN GLOBAL HIGH SCHOOL (INTERCÂMBIO CULTURAL ENTRE BRASIL E COREIA DO SUL)", description: "Connecting Classes: Estamos, em parceria com a Cor…N56buOUjt0Ebj29cnm3EA/featured?view_as=subscriber"}3: {title: "Lista de Livros Enem", description: "<ul><li>Iracema (José de Alencar) – 1865</li><li>C…a Barca do Inferno (Gil Vicente) – 1517</li></ul>"}4: {title: "Lista de Livros vestibular Unicamp", description: "<ul><li>Universidade Estadual de Campinas Sonetos …se não pregou por enfermidade do autor.</li></ul>"}5: {title: "Lista de Livros vestibular fgv", description: "<ul><li>Manifesto do Partido Comunista Karl Marx; …i>A hora da estrela - Clarice Lispector</li></ul>"}6: {title: "Lista de Livros vestibular fuvest", description: "<ul><li>Iracema ‐ José de Alencar</li><li>Memórias…imarães Rosa</li><li>Mayombe ‐ Pepetela</li></ul>"}7: {title: "Sinopse animes temporada de verão 2018", description: "Olá! Nesse artigo estarei disponibilizando as sino…e na vida universitária dos personagens centrais."}8: {title: "Temporada de Verão 2018", description: "Olá otakinhos, hoje estou aqui para falar sobre a …ho) Ø Free 2018: Dive to the Future (11 de julho)"}9: {title: "Entregas via Drones", description: "Você já imaginou os drones substituindo as estrada…gostado destas informações importantes, até mais!"}10: {title: "Drones na Segurança", description: "Com sua usabilidade, os drones estão se destacando…os Estados Unidos, Austrália e da União Europeia."}11: {title: "Drones", description: "Olá! Hoje estou aqui para falar sobre drones, ou s…teria a imagens captadas por uma câmera embutida."}12: {title: "Inscrições Enem", description: "<ul><li>Solicitação de isenção para o Enem 2018: 2…iro de 2019 (data exata não confirmada)</li></ul>"}13: {title: "Inscrições Puc", description: "<ul><li>Inscrições: 03/08/2018 a 23/09/2018</li><l… 7189, (19) 3343 7100 ou 0800-728 78 22</li></ul>"}14: {title: "Incrições Usp", description: "<ul><li>Inscrições: 13/08/2018</li><li>1ª fase da …sto. </li><li>Site: http://www5.usp.br/</li></ul>"}15: {title: "Incrições Unicamp", description: "<ul><li>Inscrições:  15/10 a 14/11/2018</li><li>Pr…ro de 2019</li><li>Site: www.unicamp.br</li></ul>"}16: {title: "Inscrições Unesp", description: "<ul><li>Inscrições: 10 de setembro e vão até 8 de …o de 2019. Site: https://www2.unesp.br/</li></ul>"}length: 17__proto__: Array(0)__proto__: Object
tab3.page.ts:25 this is datos [{…}]0: articles: Array(17)0: {title: "Etec Fantasy 2018", description: "Foi, uma festa para a diversão de todos, ela é org…gumas fotos da festa tiradas pela equipe da ETEC."}title: "Etec Fantasy 2018"description: "Foi, uma festa para a diversão de todos, ela é organizada principalmente pelos alunos, que montam um grupo para organiza-la, mas que contou também com uma equipe que montou o som e as luzes. A atração principal foi o Dj Jean que animou a fasta inteira, ela contou com um local para tirar fotos, praça de alimentação e uma local para as pessoas descansarem. Com mais de 500 convidados tirando os alunos, a festa foi um sucesso a ETEC arrasou nessa, adoramos a presença de todos, obrigado por participarem. E aqui abaixo deixamos algumas fotos da festa tiradas pela equipe da ETEC."__proto__: Object1: {title: "Connecting Classroom", description: "O Connecting Classroom não é nada menos que um pro…uração deste projeto é de aproximadamente, 1 ano."}2: {title: "ETEC DE IBITINGA  &  DONGTAN GLOBAL HIGH SCHOOL (INTERCÂMBIO CULTURAL ENTRE BRASIL E COREIA DO SUL)", description: "Connecting Classes: Estamos, em parceria com a Cor…N56buOUjt0Ebj29cnm3EA/featured?view_as=subscriber"}3: {title: "Lista de Livros Enem", description: "<ul><li>Iracema (José de Alencar) – 1865</li><li>C…a Barca do Inferno (Gil Vicente) – 1517</li></ul>"}4: {title: "Lista de Livros vestibular Unicamp", description: "<ul><li>Universidade Estadual de Campinas Sonetos …se não pregou por enfermidade do autor.</li></ul>"}5: {title: "Lista de Livros vestibular fgv", description: "<ul><li>Manifesto do Partido Comunista Karl Marx; …i>A hora da estrela - Clarice Lispector</li></ul>"}6: {title: "Lista de Livros vestibular fuvest", description: "<ul><li>Iracema ‐ José de Alencar</li><li>Memórias…imarães Rosa</li><li>Mayombe ‐ Pepetela</li></ul>"}7: {title: "Sinopse animes temporada de verão 2018", description: "Olá! Nesse artigo estarei disponibilizando as sino…e na vida universitária dos personagens centrais."}8: {title: "Temporada de Verão 2018", description: "Olá otakinhos, hoje estou aqui para falar sobre a …ho) Ø Free 2018: Dive to the Future (11 de julho)"}9: {title: "Entregas via Drones", description: "Você já imaginou os drones substituindo as estrada…gostado destas informações importantes, até mais!"}10: {title: "Drones na Segurança", description: "Com sua usabilidade, os drones estão se destacando…os Estados Unidos, Austrália e da União Europeia."}11: {title: "Drones", description: "Olá! Hoje estou aqui para falar sobre drones, ou s…teria a imagens captadas por uma câmera embutida."}12: {title: "Inscrições Enem", description: "<ul><li>Solicitação de isenção para o Enem 2018: 2…iro de 2019 (data exata não confirmada)</li></ul>"}13: {title: "Inscrições Puc", description: "<ul><li>Inscrições: 03/08/2018 a 23/09/2018</li><l… 7189, (19) 3343 7100 ou 0800-728 78 22</li></ul>"}14: {title: "Incrições Usp", description: "<ul><li>Inscrições: 13/08/2018</li><li>1ª fase da …sto. </li><li>Site: http://www5.usp.br/</li></ul>"}15: {title: "Incrições Unicamp", description: "<ul><li>Inscrições:  15/10 a 14/11/2018</li><li>Pr…ro de 2019</li><li>Site: www.unicamp.br</li></ul>"}16: {title: "Inscrições Unesp", description: "<ul><li>Inscrições: 10 de setembro e vão até 8 de …o de 2019. Site: https://www2.unesp.br/</li></ul>"}length: 17__proto__: Array(0)__proto__: Objectlength: 1__proto__: Array(0)
Tab3Page.html:33 ERROR Error: Cannot find a differ supporting object 'Etec Fantasy 2018' of type 'string'. NgFor only supports binding to Iterables such as Arrays.
    at NgForOf.ngDoCheck (common.js:4377)
    at checkAndUpdateDirectiveInline (core.js:27791)
    at checkAndUpdateNodeInline (core.js:38472)
    at checkAndUpdateNode (core.js:38411)
    at debugCheckAndUpdateNode (core.js:39433)
    at debugCheckDirectivesFn (core.js:39376)
    at Object.eval [as updateDirectives] (Tab3Page.html:37)
    at Object.debugUpdateDirectives [as updateDirectives] (core.js:39364)
    at checkAndUpdateView (core.js:38376)
    at callViewAction (core.js:38742)
View_Tab3Page_1 @ Tab3Page.html:33
logError @ core.js:39651
handleError @ core.js:9162
(anonymous) @ core.js:35393
invoke @ zone-evergreen.js:359
run @ zone-evergreen.js:124
runOutsideAngular @ core.js:34127
tick @ core.js:35390
(anonymous) @ core.js:35228
invoke @ zone-evergreen.js:359
onInvoke @ core.js:34201
invoke @ zone-evergreen.js:358
run @ zone-evergreen.js:124
run @ core.js:34066
next @ core.js:35225
schedulerFn @ core.js:31051
__tryOrUnsub @ Subscriber.js:183
next @ Subscriber.js:122
_next @ Subscriber.js:72
next @ Subscriber.js:49
next @ Subject.js:39
emit @ core.js:31013
checkStable @ core.js:34144
onLeave @ core.js:34262
onInvokeTask @ core.js:34185
invokeTask @ zone-evergreen.js:390
runTask @ zone-evergreen.js:168
invokeTask @ zone-evergreen.js:465
invokeTask @ zone-evergreen.js:1603
globalZoneAwareCallback @ zone-evergreen.js:1640
load (async)
customScheduleGlobal @ zone-evergreen.js:1742
scheduleTask @ zone-evergreen.js:378
onScheduleTask @ zone-evergreen.js:272
scheduleTask @ zone-evergreen.js:372
scheduleTask @ zone-evergreen.js:211
scheduleEventTask @ zone-evergreen.js:237
(anonymous) @ zone-evergreen.js:1911
(anonymous) @ http.js:2066
_trySubscribe @ Observable.js:42
subscribe @ Observable.js:28
subscribeToResult @ subscribeToResult.js:9
_innerSub @ mergeMap.js:59
_tryNext @ mergeMap.js:53
_next @ mergeMap.js:36
next @ Subscriber.js:49
(anonymous) @ subscribeToArray.js:3
_trySubscribe @ Observable.js:42
subscribe @ Observable.js:28
call @ mergeMap.js:21
subscribe @ Observable.js:23
call @ filter.js:13
subscribe @ Observable.js:23
call @ map.js:16
subscribe @ Observable.js:23
ngOnInit @ tab3.page.ts:19
checkAndUpdateDirectiveInline @ core.js:27788
checkAndUpdateNodeInline @ core.js:38472
checkAndUpdateNode @ core.js:38411
debugCheckAndUpdateNode @ core.js:39433
debugCheckDirectivesFn @ core.js:39376
eval @ Tab3Page_Host.ngfactory.js? [sm]:1
debugUpdateDirectives @ core.js:39364
checkAndUpdateView @ core.js:38376
callWithDebugContext @ core.js:39716
debugCheckAndUpdateView @ core.js:39299
detectChanges @ core.js:27092
push../node_modules/@ionic/angular/dist/fesm5.js.StackController.setActive @ fesm5.js:3601
push../node_modules/@ionic/angular/dist/fesm5.js.IonRouterOutlet.activateWith @ fesm5.js:4246
activateRoutes @ router.js:3132
(anonymous) @ router.js:3069
activateChildRoutes @ router.js:3064
activateRoutes @ router.js:3139
(anonymous) @ router.js:3069
activateChildRoutes @ router.js:3064
activateRoutes @ router.js:3139
(anonymous) @ router.js:3069
activateChildRoutes @ router.js:3064
activateRoutes @ router.js:3095
(anonymous) @ router.js:3069
activateChildRoutes @ router.js:3064
activateRoutes @ router.js:3099
(anonymous) @ router.js:3069
activateChildRoutes @ router.js:3064
activate @ router.js:2927
(anonymous) @ router.js:2900
_next @ map.js:29
next @ Subscriber.js:49
_next @ tap.js:46
next @ Subscriber.js:49
_next @ map.js:35
next @ Subscriber.js:49
notifyNext @ switchMap.js:67
_next @ InnerSubscriber.js:11
next @ Subscriber.js:49
_next @ map.js:35
next @ Subscriber.js:49
(anonymous) @ subscribeToArray.js:3
_trySubscribe @ Observable.js:42
subscribe @ Observable.js:28
call @ map.js:16
subscribe @ Observable.js:23
subscribeToResult @ subscribeToResult.js:9
_innerSub @ switchMap.js:46
_next @ switchMap.js:36
next @ Subscriber.js:49
notifyNext @ switchMap.js:67
_next @ InnerSubscriber.js:11
next @ Subscriber.js:49
_next @ map.js:35
next @ Subscriber.js:49
_next @ tap.js:46
next @ Subscriber.js:49
notifyNext @ mergeMap.js:69
_next @ InnerSubscriber.js:11
next @ Subscriber.js:49
_next @ map.js:35
next @ Subscriber.js:49
_complete @ takeLast.js:52
complete @ Subscriber.js:61
_complete @ Subscriber.js:79
complete @ Subscriber.js:61
_complete @ mergeMap.js:64
complete @ Subscriber.js:61
(anonymous) @ subscribeToArray.js:5
_trySubscribe @ Observable.js:42
subscribe @ Observable.js:28
call @ mergeMap.js:21
subscribe @ Observable.js:23
call @ scan.js:18
subscribe @ Observable.js:23
call @ takeLast.js:22
subscribe @ Observable.js:23
call @ map.js:16
subscribe @ Observable.js:23
subscribeToResult @ subscribeToResult.js:9
_innerSub @ mergeMap.js:59
_tryNext @ mergeMap.js:53
_next @ mergeMap.js:36
next @ Subscriber.js:49
_next @ tap.js:46
next @ Subscriber.js:49
(anonymous) @ subscribeToArray.js:3
_trySubscribe @ Observable.js:42
subscribe @ Observable.js:28
call @ tap.js:16
subscribe @ Observable.js:23
call @ mergeMap.js:21
subscribe @ Observable.js:23
call @ tap.js:16
subscribe @ Observable.js:23
call @ map.js:16
subscribe @ Observable.js:23
subscribeToResult @ subscribeToResult.js:9
_innerSub @ switchMap.js:46
_next @ switchMap.js:36
next @ Subscriber.js:49
_next @ filter.js:33
next @ Subscriber.js:49
_next @ tap.js:46
next @ Subscriber.js:49
_next @ tap.js:46
next @ Subscriber.js:49
notifyNext @ mergeMap.js:69
_next @ InnerSubscriber.js:11
next @ Subscriber.js:49
_next @ map.js:35
next @ Subscriber.js:49
notifyNext @ mergeMap.js:69
_next @ InnerSubscriber.js:11
next @ Subscriber.js:49
_complete @ defaultIfEmpty.js:25
complete @ Subscriber.js:61
_complete @ Subscriber.js:79
complete @ Subscriber.js:61
_complete @ Subscriber.js:79
complete @ Subscriber.js:61
_complete @ mergeMap.js:64
complete @ Subscriber.js:61
(anonymous) @ subscribeToArray.js:5
_trySubscribe @ Observable.js:42
subscribe @ Observable.js:28
call @ mergeMap.js:21
subscribe @ Observable.js:23
call @ filter.js:13
subscribe @ Observable.js:23
call @ take.js:22
subscribe @ Observable.js:23
call @ defaultIfEmpty.js:10
subscribe @ Observable.js:23
subscribeToResult @ subscribeToResult.js:9
_innerSub @ mergeMap.js:59
_tryNext @ mergeMap.js:53
_next @ mergeMap.js:36
next @ Subscriber.js:49
_complete @ defaultIfEmpty.js:25
complete @ Subscriber.js:61
_complete @ Subscriber.js:79
complete @ Subscriber.js:61
_complete @ Subscriber.js:79
complete @ Subscriber.js:61
_complete @ mergeMap.js:64
complete @ Subscriber.js:61
(anonymous) @ subscribeToArray.js:5
_trySubscribe @ Observable.js:42
subscribe @ Observable.js:28
call @ mergeMap.js:21
subscribe @ Observable.js:23
call @ filter.js:13
subscribe @ Observable.js:23
call @ take.js:22
subscribe @ Observable.js:23
call @ defaultIfEmpty.js:10
subscribe @ Observable.js:23
call @ mergeMap.js:21
subscribe @ Observable.js:23
call @ map.js:16
subscribe @ Observable.js:23
subscribeToResult @ subscribeToResult.js:9
_innerSub @ mergeMap.js:59
_tryNext @ mergeMap.js:53
_next @ mergeMap.js:36
next @ Subscriber.js:49
_next @ map.js:35
next @ Subscriber.js:49
_next @ tap.js:46
next @ Subscriber.js:49
notifyNext @ switchMap.js:67
_next @ InnerSubscriber.js:11
next @ Subscriber.js:49
_next @ map.js:35
Show 200 more frames
Tab3Page.html:33 ERROR CONTEXT DebugContext_ {view: {…}, nodeIndex: 3, nodeDef: {…}, elDef: {…}, elView: {…}}
View_Tab3Page_1 @ Tab3Page.html:33
logError @ core.js:39651
handleError @ core.js:9167
(anonymous) @ core.js:35393
invoke @ zone-evergreen.js:359
run @ zone-evergreen.js:124
runOutsideAngular @ core.js:34127
tick @ core.js:35390
(anonymous) @ core.js:35228
invoke @ zone-evergreen.js:359
onInvoke @ core.js:34201
invoke @ zone-evergreen.js:358
run @ zone-evergreen.js:124
run @ core.js:34066
next @ core.js:35225
schedulerFn @ core.js:31051
__tryOrUnsub @ Subscriber.js:183
next @ Subscriber.js:122
_next @ Subscriber.js:72
next @ Subscriber.js:49
next @ Subject.js:39
emit @ core.js:31013
checkStable @ core.js:34144
onLeave @ core.js:34262
onInvokeTask @ core.js:34185
invokeTask @ zone-evergreen.js:390
runTask @ zone-evergreen.js:168
invokeTask @ zone-evergreen.js:465
invokeTask @ zone-evergreen.js:1603
globalZoneAwareCallback @ zone-evergreen.js:1640
load (async)
customScheduleGlobal @ zone-evergreen.js:1742
scheduleTask @ zone-evergreen.js:378
onScheduleTask @ zone-evergreen.js:272
scheduleTask @ zone-evergreen.js:372
scheduleTask @ zone-evergreen.js:211
scheduleEventTask @ zone-evergreen.js:237
(anonymous) @ zone-evergreen.js:1911
(anonymous) @ http.js:2066
_trySubscribe @ Observable.js:42
subscribe @ Observable.js:28
subscribeToResult @ subscribeToResult.js:9
_innerSub @ mergeMap.js:59
_tryNext @ mergeMap.js:53
_next @ mergeMap.js:36
next @ Subscriber.js:49
(anonymous) @ subscribeToArray.js:3
_trySubscribe @ Observable.js:42
subscribe @ Observable.js:28
call @ mergeMap.js:21
subscribe @ Observable.js:23
call @ filter.js:13
subscribe @ Observable.js:23
call @ map.js:16
subscribe @ Observable.js:23
ngOnInit @ tab3.page.ts:19
checkAndUpdateDirectiveInline @ core.js:27788
checkAndUpdateNodeInline @ core.js:38472
checkAndUpdateNode @ core.js:38411
debugCheckAndUpdateNode @ core.js:39433
debugCheckDirectivesFn @ core.js:39376
eval @ Tab3Page_Host.ngfactory.js? [sm]:1
debugUpdateDirectives @ core.js:39364
checkAndUpdateView @ core.js:38376
callWithDebugContext @ core.js:39716
debugCheckAndUpdateView @ core.js:39299
detectChanges @ core.js:27092
push../node_modules/@ionic/angular/dist/fesm5.js.StackController.setActive @ fesm5.js:3601
push../node_modules/@ionic/angular/dist/fesm5.js.IonRouterOutlet.activateWith @ fesm5.js:4246
activateRoutes @ router.js:3132
(anonymous) @ router.js:3069
activateChildRoutes @ router.js:3064
activateRoutes @ router.js:3139
(anonymous) @ router.js:3069
activateChildRoutes @ router.js:3064
activateRoutes @ router.js:3139
(anonymous) @ router.js:3069
activateChildRoutes @ router.js:3064
activateRoutes @ router.js:3095
(anonymous) @ router.js:3069
activateChildRoutes @ router.js:3064
activateRoutes @ router.js:3099
(anonymous) @ router.js:3069
activateChildRoutes @ router.js:3064
activate @ router.js:2927
(anonymous) @ router.js:2900
_next @ map.js:29
next @ Subscriber.js:49
_next @ tap.js:46
next @ Subscriber.js:49
_next @ map.js:35
next @ Subscriber.js:49
notifyNext @ switchMap.js:67
_next @ InnerSubscriber.js:11
next @ Subscriber.js:49
_next @ map.js:35
next @ Subscriber.js:49
(anonymous) @ subscribeToArray.js:3
_trySubscribe @ Observable.js:42
subscribe @ Observable.js:28
call @ map.js:16
subscribe @ Observable.js:23
subscribeToResult @ subscribeToResult.js:9
_innerSub @ switchMap.js:46
_next @ switchMap.js:36
next @ Subscriber.js:49
notifyNext @ switchMap.js:67
_next @ InnerSubscriber.js:11
next @ Subscriber.js:49
_next @ map.js:35
next @ Subscriber.js:49
_next @ tap.js:46
next @ Subscriber.js:49
notifyNext @ mergeMap.js:69
_next @ InnerSubscriber.js:11
next @ Subscriber.js:49
_next @ map.js:35
next @ Subscriber.js:49
_complete @ takeLast.js:52
complete @ Subscriber.js:61
_complete @ Subscriber.js:79
complete @ Subscriber.js:61
_complete @ mergeMap.js:64
complete @ Subscriber.js:61
(anonymous) @ subscribeToArray.js:5
_trySubscribe @ Observable.js:42
subscribe @ Observable.js:28
call @ mergeMap.js:21
subscribe @ Observable.js:23
call @ scan.js:18
subscribe @ Observable.js:23
call @ takeLast.js:22
subscribe @ Observable.js:23
call @ map.js:16
subscribe @ Observable.js:23
subscribeToResult @ subscribeToResult.js:9
_innerSub @ mergeMap.js:59
_tryNext @ mergeMap.js:53
_next @ mergeMap.js:36
next @ Subscriber.js:49
_next @ tap.js:46
next @ Subscriber.js:49
(anonymous) @ subscribeToArray.js:3
_trySubscribe @ Observable.js:42
subscribe @ Observable.js:28
call @ tap.js:16
subscribe @ Observable.js:23
call @ mergeMap.js:21
subscribe @ Observable.js:23
call @ tap.js:16
subscribe @ Observable.js:23
call @ map.js:16
subscribe @ Observable.js:23
subscribeToResult @ subscribeToResult.js:9
_innerSub @ switchMap.js:46
_next @ switchMap.js:36
next @ Subscriber.js:49
_next @ filter.js:33
next @ Subscriber.js:49
_next @ tap.js:46
next @ Subscriber.js:49
_next @ tap.js:46
next @ Subscriber.js:49
notifyNext @ mergeMap.js:69
_next @ InnerSubscriber.js:11
next @ Subscriber.js:49
_next @ map.js:35
next @ Subscriber.js:49
notifyNext @ mergeMap.js:69
_next @ InnerSubscriber.js:11
next @ Subscriber.js:49
_complete @ defaultIfEmpty.js:25
complete @ Subscriber.js:61
_complete @ Subscriber.js:79
complete @ Subscriber.js:61
_complete @ Subscriber.js:79
complete @ Subscriber.js:61
_complete @ mergeMap.js:64
complete @ Subscriber.js:61
(anonymous) @ subscribeToArray.js:5
_trySubscribe @ Observable.js:42
subscribe @ Observable.js:28
call @ mergeMap.js:21
subscribe @ Observable.js:23
call @ filter.js:13
subscribe @ Observable.js:23
call @ take.js:22
subscribe @ Observable.js:23
call @ defaultIfEmpty.js:10
subscribe @ Observable.js:23
subscribeToResult @ subscribeToResult.js:9
_innerSub @ mergeMap.js:59
_tryNext @ mergeMap.js:53
_next @ mergeMap.js:36
next @ Subscriber.js:49
_complete @ defaultIfEmpty.js:25
complete @ Subscriber.js:61
_complete @ Subscriber.js:79
complete @ Subscriber.js:61
_complete @ Subscriber.js:79
complete @ Subscriber.js:61
_complete @ mergeMap.js:64
complete @ Subscriber.js:61
(anonymous) @ subscribeToArray.js:5
_trySubscribe @ Observable.js:42
subscribe @ Observable.js:28
call @ mergeMap.js:21
subscribe @ Observable.js:23
call @ filter.js:13
subscribe @ Observable.js:23
call @ take.js:22
subscribe @ Observable.js:23
call @ defaultIfEmpty.js:10
subscribe @ Observable.js:23
call @ mergeMap.js:21
subscribe @ Observable.js:23
call @ map.js:16
subscribe @ Observable.js:23
subscribeToResult @ subscribeToResult.js:9
_innerSub @ mergeMap.js:59
_tryNext @ mergeMap.js:53
_next @ mergeMap.js:36
next @ Subscriber.js:49
_next @ map.js:35
next @ Subscriber.js:49
_next @ tap.js:46
next @ Subscriber.js:49
notifyNext @ switchMap.js:67
_next @ InnerSubscriber.js:11
next @ Subscriber.js:49
_next @ map.js:35
Show 200 more frames
tab3.page.ts:28 {art: Array(2)}art: Array(2)0: title: "idk"desscription: "idk"__proto__: Object1: title: "idk"desscription: "idk"__proto__: Objectlength: 2__proto__: Array(0)length: 0constructor: ƒ Array()concat: ƒ concat()copyWithin: ƒ copyWithin()fill: ƒ fill()find: ƒ find()findIndex: ƒ findIndex()lastIndexOf: ƒ lastIndexOf()pop: ƒ pop()push: ƒ push()reverse: ƒ reverse()shift: ƒ shift()unshift: ƒ unshift()slice: ƒ slice()sort: ƒ sort()splice: ƒ splice()includes: ƒ includes()indexOf: ƒ indexOf()join: ƒ join()keys: ƒ keys()entries: ƒ entries()values: ƒ values()forEach: ƒ forEach()filter: ƒ filter()flat: ƒ flat()flatMap: ƒ flatMap()map: ƒ map()every: ƒ every()some: ƒ some()reduce: ƒ reduce()reduceRight: ƒ reduceRight()toLocaleString: ƒ toLocaleString()toString: ƒ toString()Symbol(Symbol.iterator): ƒ values()Symbol(Symbol.unscopables): {copyWithin: true, entries: true, fill: true, find: true, findIndex: true, …}__proto__: Object__proto__: Objectconstructor: ƒ Object()__defineGetter__: ƒ __defineGetter__()__defineSetter__: ƒ __defineSetter__()hasOwnProperty: ƒ hasOwnProperty()__lookupGetter__: ƒ __lookupGetter__()__lookupSetter__: ƒ __lookupSetter__()isPrototypeOf: ƒ isPrototypeOf()propertyIsEnumerable: ƒ propertyIsEnumerable()toString: ƒ ()valueOf: ƒ valueOf()toLocaleString: ƒ toLocaleString()get __proto__: ƒ __proto__()set __proto__: ƒ __proto__()
tab3.page.ts:30 this is testData {art: Array(2)}
Tab3Page.html:33 ERROR Error: Cannot find a differ supporting object 'Foi, uma festa para a diversão de todos, ela é organizada principalmente pelos alunos, que montam um grupo para organiza-la, mas que contou também com uma equipe que montou o som e as luzes. A atração principal foi o Dj Jean que animou a fasta inteira, ela contou com um local para tirar fotos, praça de alimentação e uma local para as pessoas descansarem. Com mais de 500 convidados tirando os alunos, a festa foi um sucesso a ETEC arrasou nessa, adoramos a presença de todos, obrigado por participarem. E aqui abaixo deixamos algumas fotos da festa tiradas pela equipe da ETEC.' of type 'string'. NgFor only supports binding to Iterables such as Arrays.
    at NgForOf.ngDoCheck (common.js:4377)
    at checkAndUpdateDirectiveInline (core.js:27791)
    at checkAndUpdateNodeInline (core.js:38472)
    at checkAndUpdateNode (core.js:38411)
    at debugCheckAndUpdateNode (core.js:39433)
    at debugCheckDirectivesFn (core.js:39376)
    at Object.eval [as updateDirectives] (Tab3Page.html:34)
    at Object.debugUpdateDirectives [as updateDirectives] (core.js:39364)
    at checkAndUpdateView (core.js:38376)
    at callViewAction (core.js:38742)
View_Tab3Page_1 @ Tab3Page.html:33
logError @ core.js:39651
handleError @ core.js:9162
(anonymous) @ core.js:35393
invoke @ zone-evergreen.js:359
run @ zone-evergreen.js:124
runOutsideAngular @ core.js:34127
tick @ core.js:35390
(anonymous) @ core.js:35228
invoke @ zone-evergreen.js:359
onInvoke @ core.js:34201
invoke @ zone-evergreen.js:358
run @ zone-evergreen.js:124
run @ core.js:34066
next @ core.js:35225
schedulerFn @ core.js:31051
__tryOrUnsub @ Subscriber.js:183
next @ Subscriber.js:122
_next @ Subscriber.js:72
next @ Subscriber.js:49
next @ Subject.js:39
emit @ core.js:31013
checkStable @ core.js:34144
onLeave @ core.js:34262
onInvokeTask @ core.js:34185
invokeTask @ zone-evergreen.js:390
runTask @ zone-evergreen.js:168
invokeTask @ zone-evergreen.js:465
invokeTask @ zone-evergreen.js:1603
globalZoneAwareCallback @ zone-evergreen.js:1640
load (async)
customScheduleGlobal @ zone-evergreen.js:1742
scheduleTask @ zone-evergreen.js:378
onScheduleTask @ zone-evergreen.js:272
scheduleTask @ zone-evergreen.js:372
scheduleTask @ zone-evergreen.js:211
scheduleEventTask @ zone-evergreen.js:237
(anonymous) @ zone-evergreen.js:1911
(anonymous) @ http.js:2066
_trySubscribe @ Observable.js:42
subscribe @ Observable.js:28
subscribeToResult @ subscribeToResult.js:9
_innerSub @ mergeMap.js:59
_tryNext @ mergeMap.js:53
_next @ mergeMap.js:36
next @ Subscriber.js:49
(anonymous) @ subscribeToArray.js:3
_trySubscribe @ Observable.js:42
subscribe @ Observable.js:28
call @ mergeMap.js:21
subscribe @ Observable.js:23
call @ filter.js:13
subscribe @ Observable.js:23
call @ map.js:16
subscribe @ Observable.js:23
ngOnInit @ tab3.page.ts:27
checkAndUpdateDirectiveInline @ core.js:27788
checkAndUpdateNodeInline @ core.js:38472
checkAndUpdateNode @ core.js:38411
debugCheckAndUpdateNode @ core.js:39433
debugCheckDirectivesFn @ core.js:39376
eval @ Tab3Page_Host.ngfactory.js? [sm]:1
debugUpdateDirectives @ core.js:39364
checkAndUpdateView @ core.js:38376
callWithDebugContext @ core.js:39716
debugCheckAndUpdateView @ core.js:39299
detectChanges @ core.js:27092
push../node_modules/@ionic/angular/dist/fesm5.js.StackController.setActive @ fesm5.js:3601
push../node_modules/@ionic/angular/dist/fesm5.js.IonRouterOutlet.activateWith @ fesm5.js:4246
activateRoutes @ router.js:3132
(anonymous) @ router.js:3069
activateChildRoutes @ router.js:3064
activateRoutes @ router.js:3139
(anonymous) @ router.js:3069
activateChildRoutes @ router.js:3064
activateRoutes @ router.js:3139
(anonymous) @ router.js:3069
activateChildRoutes @ router.js:3064
activateRoutes @ router.js:3095
(anonymous) @ router.js:3069
activateChildRoutes @ router.js:3064
activateRoutes @ router.js:3099
(anonymous) @ router.js:3069
activateChildRoutes @ router.js:3064
activate @ router.js:2927
(anonymous) @ router.js:2900
_next @ map.js:29
next @ Subscriber.js:49
_next @ tap.js:46
next @ Subscriber.js:49
_next @ map.js:35
next @ Subscriber.js:49
notifyNext @ switchMap.js:67
_next @ InnerSubscriber.js:11
next @ Subscriber.js:49
_next @ map.js:35
next @ Subscriber.js:49
(anonymous) @ subscribeToArray.js:3
_trySubscribe @ Observable.js:42
subscribe @ Observable.js:28
call @ map.js:16
subscribe @ Observable.js:23
subscribeToResult @ subscribeToResult.js:9
_innerSub @ switchMap.js:46
_next @ switchMap.js:36
next @ Subscriber.js:49
notifyNext @ switchMap.js:67
_next @ InnerSubscriber.js:11
next @ Subscriber.js:49
_next @ map.js:35
next @ Subscriber.js:49
_next @ tap.js:46
next @ Subscriber.js:49
notifyNext @ mergeMap.js:69
_next @ InnerSubscriber.js:11
next @ Subscriber.js:49
_next @ map.js:35
next @ Subscriber.js:49
_complete @ takeLast.js:52
complete @ Subscriber.js:61
_complete @ Subscriber.js:79
complete @ Subscriber.js:61
_complete @ mergeMap.js:64
complete @ Subscriber.js:61
(anonymous) @ subscribeToArray.js:5
_trySubscribe @ Observable.js:42
subscribe @ Observable.js:28
call @ mergeMap.js:21
subscribe @ Observable.js:23
call @ scan.js:18
subscribe @ Observable.js:23
call @ takeLast.js:22
subscribe @ Observable.js:23
call @ map.js:16
subscribe @ Observable.js:23
subscribeToResult @ subscribeToResult.js:9
_innerSub @ mergeMap.js:59
_tryNext @ mergeMap.js:53
_next @ mergeMap.js:36
next @ Subscriber.js:49
_next @ tap.js:46
next @ Subscriber.js:49
(anonymous) @ subscribeToArray.js:3
_trySubscribe @ Observable.js:42
subscribe @ Observable.js:28
call @ tap.js:16
subscribe @ Observable.js:23
call @ mergeMap.js:21
subscribe @ Observable.js:23
call @ tap.js:16
subscribe @ Observable.js:23
call @ map.js:16
subscribe @ Observable.js:23
subscribeToResult @ subscribeToResult.js:9
_innerSub @ switchMap.js:46
_next @ switchMap.js:36
next @ Subscriber.js:49
_next @ filter.js:33
next @ Subscriber.js:49
_next @ tap.js:46
next @ Subscriber.js:49
_next @ tap.js:46
next @ Subscriber.js:49
notifyNext @ mergeMap.js:69
_next @ InnerSubscriber.js:11
next @ Subscriber.js:49
_next @ map.js:35
next @ Subscriber.js:49
notifyNext @ mergeMap.js:69
_next @ InnerSubscriber.js:11
next @ Subscriber.js:49
_complete @ defaultIfEmpty.js:25
complete @ Subscriber.js:61
_complete @ Subscriber.js:79
complete @ Subscriber.js:61
_complete @ Subscriber.js:79
complete @ Subscriber.js:61
_complete @ mergeMap.js:64
complete @ Subscriber.js:61
(anonymous) @ subscribeToArray.js:5
_trySubscribe @ Observable.js:42
subscribe @ Observable.js:28
call @ mergeMap.js:21
subscribe @ Observable.js:23
call @ filter.js:13
subscribe @ Observable.js:23
call @ take.js:22
subscribe @ Observable.js:23
call @ defaultIfEmpty.js:10
subscribe @ Observable.js:23
subscribeToResult @ subscribeToResult.js:9
_innerSub @ mergeMap.js:59
_tryNext @ mergeMap.js:53
_next @ mergeMap.js:36
next @ Subscriber.js:49
_complete @ defaultIfEmpty.js:25
complete @ Subscriber.js:61
_complete @ Subscriber.js:79
complete @ Subscriber.js:61
_complete @ Subscriber.js:79
complete @ Subscriber.js:61
_complete @ mergeMap.js:64
complete @ Subscriber.js:61
(anonymous) @ subscribeToArray.js:5
_trySubscribe @ Observable.js:42
subscribe @ Observable.js:28
call @ mergeMap.js:21
subscribe @ Observable.js:23
call @ filter.js:13
subscribe @ Observable.js:23
call @ take.js:22
subscribe @ Observable.js:23
call @ defaultIfEmpty.js:10
subscribe @ Observable.js:23
call @ mergeMap.js:21
subscribe @ Observable.js:23
call @ map.js:16
subscribe @ Observable.js:23
subscribeToResult @ subscribeToResult.js:9
_innerSub @ mergeMap.js:59
_tryNext @ mergeMap.js:53
_next @ mergeMap.js:36
next @ Subscriber.js:49
_next @ map.js:35
next @ Subscriber.js:49
_next @ tap.js:46
next @ Subscriber.js:49
notifyNext @ switchMap.js:67
_next @ InnerSubscriber.js:11
next @ Subscriber.js:49
_next @ map.js:35
Show 200 more frames
Tab3Page.html:33 ERROR CONTEXT DebugContext_ {view: {…}, nodeIndex: 3, nodeDef: {…}, elDef: {…}, elView: {…}}
View_Tab3Page_1 @ Tab3Page.html:33
logError @ core.js:39651
handleError @ core.js:9167
(anonymous) @ core.js:35393
invoke @ zone-evergreen.js:359
run @ zone-evergreen.js:124
runOutsideAngular @ core.js:34127
tick @ core.js:35390
(anonymous) @ core.js:35228
invoke @ zone-evergreen.js:359
onInvoke @ core.js:34201
invoke @ zone-evergreen.js:358
run @ zone-evergreen.js:124
run @ core.js:34066
next @ core.js:35225
schedulerFn @ core.js:31051
__tryOrUnsub @ Subscriber.js:183
next @ Subscriber.js:122
_next @ Subscriber.js:72
next @ Subscriber.js:49
next @ Subject.js:39
emit @ core.js:31013
checkStable @ core.js:34144
onLeave @ core.js:34262
onInvokeTask @ core.js:34185
invokeTask @ zone-evergreen.js:390
runTask @ zone-evergreen.js:168
invokeTask @ zone-evergreen.js:465
invokeTask @ zone-evergreen.js:1603
globalZoneAwareCallback @ zone-evergreen.js:1640
load (async)
customScheduleGlobal @ zone-evergreen.js:1742
scheduleTask @ zone-evergreen.js:378
onScheduleTask @ zone-evergreen.js:272
scheduleTask @ zone-evergreen.js:372
scheduleTask @ zone-evergreen.js:211
scheduleEventTask @ zone-evergreen.js:237
(anonymous) @ zone-evergreen.js:1911
(anonymous) @ http.js:2066
_trySubscribe @ Observable.js:42
subscribe @ Observable.js:28
subscribeToResult @ subscribeToResult.js:9
_innerSub @ mergeMap.js:59
_tryNext @ mergeMap.js:53
_next @ mergeMap.js:36
next @ Subscriber.js:49
(anonymous) @ subscribeToArray.js:3
_trySubscribe @ Observable.js:42
subscribe @ Observable.js:28
call @ mergeMap.js:21
subscribe @ Observable.js:23
call @ filter.js:13
subscribe @ Observable.js:23
call @ map.js:16
subscribe @ Observable.js:23
ngOnInit @ tab3.page.ts:27
checkAndUpdateDirectiveInline @ core.js:27788
checkAndUpdateNodeInline @ core.js:38472
checkAndUpdateNode @ core.js:38411
debugCheckAndUpdateNode @ core.js:39433
debugCheckDirectivesFn @ core.js:39376
eval @ Tab3Page_Host.ngfactory.js? [sm]:1
debugUpdateDirectives @ core.js:39364
checkAndUpdateView @ core.js:38376
callWithDebugContext @ core.js:39716
debugCheckAndUpdateView @ core.js:39299
detectChanges @ core.js:27092
push../node_modules/@ionic/angular/dist/fesm5.js.StackController.setActive @ fesm5.js:3601
push../node_modules/@ionic/angular/dist/fesm5.js.IonRouterOutlet.activateWith @ fesm5.js:4246
activateRoutes @ router.js:3132
(anonymous) @ router.js:3069
activateChildRoutes @ router.js:3064
activateRoutes @ router.js:3139
(anonymous) @ router.js:3069
activateChildRoutes @ router.js:3064
activateRoutes @ router.js:3139
(anonymous) @ router.js:3069
activateChildRoutes @ router.js:3064
activateRoutes @ router.js:3095
(anonymous) @ router.js:3069
activateChildRoutes @ router.js:3064
activateRoutes @ router.js:3099
(anonymous) @ router.js:3069
activateChildRoutes @ router.js:3064
activate @ router.js:2927
(anonymous) @ router.js:2900
_next @ map.js:29
next @ Subscriber.js:49
_next @ tap.js:46
next @ Subscriber.js:49
_next @ map.js:35
next @ Subscriber.js:49
notifyNext @ switchMap.js:67
_next @ InnerSubscriber.js:11
next @ Subscriber.js:49
_next @ map.js:35
next @ Subscriber.js:49
(anonymous) @ subscribeToArray.js:3
_trySubscribe @ Observable.js:42
subscribe @ Observable.js:28
call @ map.js:16
subscribe @ Observable.js:23
subscribeToResult @ subscribeToResult.js:9
_innerSub @ switchMap.js:46
_next @ switchMap.js:36
next @ Subscriber.js:49
notifyNext @ switchMap.js:67
_next @ InnerSubscriber.js:11
next @ Subscriber.js:49
_next @ map.js:35
next @ Subscriber.js:49
_next @ tap.js:46
next @ Subscriber.js:49
notifyNext @ mergeMap.js:69
_next @ InnerSubscriber.js:11
next @ Subscriber.js:49
_next @ map.js:35
next @ Subscriber.js:49
_complete @ takeLast.js:52
complete @ Subscriber.js:61
_complete @ Subscriber.js:79
complete @ Subscriber.js:61
_complete @ mergeMap.js:64
complete @ Subscriber.js:61
(anonymous) @ subscribeToArray.js:5
_trySubscribe @ Observable.js:42
subscribe @ Observable.js:28
call @ mergeMap.js:21
subscribe @ Observable.js:23
call @ scan.js:18
subscribe @ Observable.js:23
call @ takeLast.js:22
subscribe @ Observable.js:23
call @ map.js:16
subscribe @ Observable.js:23
subscribeToResult @ subscribeToResult.js:9
_innerSub @ mergeMap.js:59
_tryNext @ mergeMap.js:53
_next @ mergeMap.js:36
next @ Subscriber.js:49
_next @ tap.js:46
next @ Subscriber.js:49
(anonymous) @ subscribeToArray.js:3
_trySubscribe @ Observable.js:42
subscribe @ Observable.js:28
call @ tap.js:16
subscribe @ Observable.js:23
call @ mergeMap.js:21
subscribe @ Observable.js:23
call @ tap.js:16
subscribe @ Observable.js:23
call @ map.js:16
subscribe @ Observable.js:23
subscribeToResult @ subscribeToResult.js:9
_innerSub @ switchMap.js:46
_next @ switchMap.js:36
next @ Subscriber.js:49
_next @ filter.js:33
next @ Subscriber.js:49
_next @ tap.js:46
next @ Subscriber.js:49
_next @ tap.js:46
next @ Subscriber.js:49
notifyNext @ mergeMap.js:69
_next @ InnerSubscriber.js:11
next @ Subscriber.js:49
_next @ map.js:35
next @ Subscriber.js:49
notifyNext @ mergeMap.js:69
_next @ InnerSubscriber.js:11
next @ Subscriber.js:49
_complete @ defaultIfEmpty.js:25
complete @ Subscriber.js:61
_complete @ Subscriber.js:79
complete @ Subscriber.js:61
_complete @ Subscriber.js:79
complete @ Subscriber.js:61
_complete @ mergeMap.js:64
complete @ Subscriber.js:61
(anonymous) @ subscribeToArray.js:5
_trySubscribe @ Observable.js:42
subscribe @ Observable.js:28
call @ mergeMap.js:21
subscribe @ Observable.js:23
call @ filter.js:13
subscribe @ Observable.js:23
call @ take.js:22
subscribe @ Observable.js:23
call @ defaultIfEmpty.js:10
subscribe @ Observable.js:23
subscribeToResult @ subscribeToResult.js:9
_innerSub @ mergeMap.js:59
_tryNext @ mergeMap.js:53
_next @ mergeMap.js:36
next @ Subscriber.js:49
_complete @ defaultIfEmpty.js:25
complete @ Subscriber.js:61
_complete @ Subscriber.js:79
complete @ Subscriber.js:61
_complete @ Subscriber.js:79
complete @ Subscriber.js:61
_complete @ mergeMap.js:64
complete @ Subscriber.js:61
(anonymous) @ subscribeToArray.js:5
_trySubscribe @ Observable.js:42
subscribe @ Observable.js:28
call @ mergeMap.js:21
subscribe @ Observable.js:23
call @ filter.js:13
subscribe @ Observable.js:23
call @ take.js:22
subscribe @ Observable.js:23
call @ defaultIfEmpty.js:10
subscribe @ Observable.js:23
call @ mergeMap.js:21
subscribe @ Observable.js:23
call @ map.js:16
subscribe @ Observable.js:23
subscribeToResult @ subscribeToResult.js:9
_innerSub @ mergeMap.js:59
_tryNext @ mergeMap.js:53
_next @ mergeMap.js:36
next @ Subscriber.js:49
_next @ map.js:35
next @ Subscriber.js:49
_next @ tap.js:46
next @ Subscriber.js:49
notifyNext @ switchMap.js:67
_next @ InnerSubscriber.js:11
next @ Subscriber.js:49
_next @ map.js:35
Show 200 more frames
Tab3Page.html:33 ERROR Error: Cannot find a differ supporting object 'Connecting Classroom' of type 'string'. NgFor only supports binding to Iterables such as Arrays.
    at NgForOf.ngDoCheck (common.js:4377)
    at checkAndUpdateDirectiveInline (core.js:27791)
    at checkAndUpdateNodeInline (core.js:38472)
    at checkAndUpdateNode (core.js:38411)
    at debugCheckAndUpdateNode (core.js:39433)
    at debugCheckDirectivesFn (core.js:39376)
    at Object.eval [as updateDirectives] (Tab3Page.html:37)
    at Object.debugUpdateDirectives [as updateDirectives] (core.js:39364)
    at checkAndUpdateView (core.js:38376)
    at callViewAction (core.js:38742)
View_Tab3Page_1 @ Tab3Page.html:33
logError @ core.js:39651
handleError @ core.js:9162
(anonymous) @ core.js:35393
invoke @ zone-evergreen.js:359
run @ zone-evergreen.js:124
runOutsideAngular @ core.js:34127
tick @ core.js:35390
(anonymous) @ core.js:35228
invoke @ zone-evergreen.js:359
onInvoke @ core.js:34201
invoke @ zone-evergreen.js:358
run @ zone-evergreen.js:124
run @ core.js:34066
next @ core.js:35225
schedulerFn @ core.js:31051
__tryOrUnsub @ Subscriber.js:183
next @ Subscriber.js:122
_next @ Subscriber.js:72
next @ Subscriber.js:49
next @ Subject.js:39
emit @ core.js:31013
checkStable @ core.js:34144
onHasTask @ core.js:34221
hasTask @ zone-evergreen.js:411
_updateTaskCount @ zone-evergreen.js:431
_updateTaskCount @ zone-evergreen.js:264
runTask @ zone-evergreen.js:185
drainMicroTaskQueue @ zone-evergreen.js:559
invokeTask @ zone-evergreen.js:469
invokeTask @ zone-evergreen.js:1603
globalZoneAwareCallback @ zone-evergreen.js:1629
emit @ core-57385ee8.js:1907
selectTab @ ion-tab-bar_2-ios.entry.js:79
TabButton.onClick @ ion-tab-bar_2-ios.entry.js:64
Show 5 more frames
Tab3Page.html:33 ERROR CONTEXT DebugContext_ {view: {…}, nodeIndex: 3, nodeDef: {…}, elDef: {…}, elView: {…}}
View_Tab3Page_1 @ Tab3Page.html:33
logError @ core.js:39651
handleError @ core.js:9167
(anonymous) @ core.js:35393
invoke @ zone-evergreen.js:359
run @ zone-evergreen.js:124
runOutsideAngular @ core.js:34127
tick @ core.js:35390
(anonymous) @ core.js:35228
invoke @ zone-evergreen.js:359
onInvoke @ core.js:34201
invoke @ zone-evergreen.js:358
run @ zone-evergreen.js:124
run @ core.js:34066
next @ core.js:35225
schedulerFn @ core.js:31051
__tryOrUnsub @ Subscriber.js:183
next @ Subscriber.js:122
_next @ Subscriber.js:72
next @ Subscriber.js:49
next @ Subject.js:39
emit @ core.js:31013
checkStable @ core.js:34144
onHasTask @ core.js:34221
hasTask @ zone-evergreen.js:411
_updateTaskCount @ zone-evergreen.js:431
_updateTaskCount @ zone-evergreen.js:264
runTask @ zone-evergreen.js:185
drainMicroTaskQueue @ zone-evergreen.js:559
invokeTask @ zone-evergreen.js:469
invokeTask @ zone-evergreen.js:1603
globalZoneAwareCallback @ zone-evergreen.js:1629
emit @ core-57385ee8.js:1907
selectTab @ ion-tab-bar_2-ios.entry.js:79
TabButton.onClick @ ion-tab-bar_2-ios.entry.js:64
Show 5 more frames
Tab3Page.html:33 ERROR Error: Cannot find a differ supporting object 'O Connecting Classroom não é nada menos que um projeto de interação entre escolas de países diferentes realizado com o intuito de os alunos aprimorarem seu uso do inglês, e também é uma base para expandir nosso conhecimento sobre a “cultura exterior “, para possuirmos uma experiência diferenciada da que estamos acostumados. As interações entre os alunos são realizadas por meio de vídeos e videoconferências, assim, possuindo ambos os grupos de alunos, um supervisor para o projeto, que, no nosso caso, é a Lia. Além disso, a duração deste projeto é de aproximadamente, 1 ano.' of type 'string'. NgFor only supports binding to Iterables such as Arrays.
    at NgForOf.ngDoCheck (common.js:4377)
    at checkAndUpdateDirectiveInline (core.js:27791)
    at checkAndUpdateNodeInline (core.js:38472)
    at checkAndUpdateNode (core.js:38411)
    at debugCheckAndUpdateNode (core.js:39433)
    at debugCheckDirectivesFn (core.js:39376)
    at Object.eval [as updateDirectives] (Tab3Page.html:34)
    at Object.debugUpdateDirectives [as updateDirectives] (core.js:39364)
    at checkAndUpdateView (core.js:38376)
    at callViewAction (core.js:38742)
View_Tab3Page_1 @ Tab3Page.html:33
logError @ core.js:39651
handleError @ core.js:9162
(anonymous) @ core.js:35393
invoke @ zone-evergreen.js:359
run @ zone-evergreen.js:124
runOutsideAngular @ core.js:34127
tick @ core.js:35390
(anonymous) @ core.js:35228
invoke @ zone-evergreen.js:359
onInvoke @ core.js:34201
invoke @ zone-evergreen.js:358
run @ zone-evergreen.js:124
run @ core.js:34066
next @ core.js:35225
schedulerFn @ core.js:31051
__tryOrUnsub @ Subscriber.js:183
next @ Subscriber.js:122
_next @ Subscriber.js:72
next @ Subscriber.js:49
next @ Subject.js:39
emit @ core.js:31013
checkStable @ core.js:34144
onHasTask @ core.js:34221
hasTask @ zone-evergreen.js:411
_updateTaskCount @ zone-evergreen.js:431
_updateTaskCount @ zone-evergreen.js:264
runTask @ zone-evergreen.js:185
drainMicroTaskQueue @ zone-evergreen.js:559
invokeTask @ zone-evergreen.js:469
invokeTask @ zone-evergreen.js:1603
globalZoneAwareCallback @ zone-evergreen.js:1629
emit @ core-57385ee8.js:1907
selectTab @ ion-tab-bar_2-ios.entry.js:79
TabButton.onClick @ ion-tab-bar_2-ios.entry.js:64
Show 5 more frames
Tab3Page.html:33 ERROR CONTEXT DebugContext_ {view: {…}, nodeIndex: 3, nodeDef: {…}, elDef: {…}, elView: {…}}
View_Tab3Page_1 @ Tab3Page.html:33
logError @ core.js:39651
handleError @ core.js:9167
(anonymous) @ core.js:35393
invoke @ zone-evergreen.js:359
run @ zone-evergreen.js:124
runOutsideAngular @ core.js:34127
tick @ core.js:35390
(anonymous) @ core.js:35228
invoke @ zone-evergreen.js:359
onInvoke @ core.js:34201
invoke @ zone-evergreen.js:358
run @ zone-evergreen.js:124
run @ core.js:34066
next @ core.js:35225
schedulerFn @ core.js:31051
__tryOrUnsub @ Subscriber.js:183
next @ Subscriber.js:122
_next @ Subscriber.js:72
next @ Subscriber.js:49
next @ Subject.js:39
emit @ core.js:31013
checkStable @ core.js:34144
onHasTask @ core.js:34221
hasTask @ zone-evergreen.js:411
_updateTaskCount @ zone-evergreen.js:431
_updateTaskCount @ zone-evergreen.js:264
runTask @ zone-evergreen.js:185
drainMicroTaskQueue @ zone-evergreen.js:559
invokeTask @ zone-evergreen.js:469
invokeTask @ zone-evergreen.js:1603
globalZoneAwareCallback @ zone-evergreen.js:1629
emit @ core-57385ee8.js:1907
selectTab @ ion-tab-bar_2-ios.entry.js:79
TabButton.onClick @ ion-tab-bar_2-ios.entry.js:64
Show 5 more frames
